#
# There is insufficient memory for the Java Runtime Environment to continue.
# Native memory allocation (malloc) failed to allocate 32744 bytes for ChunkPool::allocate
# Possible reasons:
#   The system is out of physical RAM or swap space
#   The process is running with CompressedOops enabled, and the Java Heap may be blocking the growth of the native heap
# Possible solutions:
#   Reduce memory load on the system
#   Increase physical memory or swap space
#   Check if swap backing store is full
#   Decrease Java heap size (-Xmx/-Xms)
#   Decrease number of Java threads
#   Decrease Java thread stack sizes (-Xss)
#   Set larger code cache with -XX:ReservedCodeCacheSize=
#   JVM is running with Zero Based Compressed Oops mode in which the Java heap is
#     placed in the first 32GB address space. The Java Heap base address is the
#     maximum limit for the native heap growth. Please use -XX:HeapBaseMinAddress
#     to set the Java Heap base and to place the Java Heap above 32GB virtual address.
# This output file may be truncated or incomplete.
#
#  Out of Memory Error (allocation.cpp:272), pid=23824, tid=0x0000000000003530
#
# JRE version: OpenJDK Runtime Environment (8.0_342-b07) (build 1.8.0_342-b07)
# Java VM: OpenJDK 64-Bit Server VM (25.342-b07 mixed mode windows-amd64 compressed oops)
# Failed to write core dump. Minidumps are not enabled by default on client versions of Windows
#

---------------  T H R E A D  ---------------

Current thread (0x000002551be54800):  JavaThread "C2 CompilerThread1" daemon [_thread_in_native, id=13616, stack(0x0000007a33300000,0x0000007a33400000)]

Stack: [0x0000007a33300000,0x0000007a33400000]
[error occurred during error reporting (printing stack bounds), id 0xc0000005]

Native frames: (J=compiled Java code, j=interpreted, Vv=VM code, C=native code)


Current CompileTask:
C2:  14018 3433       4       org.springframework.core.annotation.TypeMappedAnnotations::get (52 bytes)


---------------  P R O C E S S  ---------------

Java Threads: ( => current thread )
  0x0000025522f06800 JavaThread "HikariPool-1 housekeeper" daemon [_thread_blocked, id=21120, stack(0x0000007a33900000,0x0000007a33a00000)]
  0x000002551e3cf800 JavaThread "mysql-cj-abandoned-connection-cleanup" daemon [_thread_blocked, id=24404, stack(0x0000007a33700000,0x0000007a33800000)]
  0x000002551c963800 JavaThread "Service Thread" daemon [_thread_blocked, id=22472, stack(0x0000007a33500000,0x0000007a33600000)]
  0x000002551be61000 JavaThread "C1 CompilerThread2" daemon [_thread_blocked, id=19016, stack(0x0000007a33400000,0x0000007a33500000)]
=>0x000002551be54800 JavaThread "C2 CompilerThread1" daemon [_thread_in_native, id=13616, stack(0x0000007a33300000,0x0000007a33400000)]
  0x000002551bdeb800 JavaThread "C2 CompilerThread0" daemon [_thread_in_native, id=24860, stack(0x0000007a33200000,0x0000007a33300000)]
  0x000002551bddf800 JavaThread "JDWP Command Reader" daemon [_thread_in_native, id=22164, stack(0x0000007a33100000,0x0000007a33200000)]
  0x000002551bdd2000 JavaThread "JDWP Event Helper Thread" daemon [_thread_blocked, id=25476, stack(0x0000007a33000000,0x0000007a33100000)]
  0x000002551bdba800 JavaThread "JDWP Transport Listener: dt_socket" daemon [_thread_blocked, id=24408, stack(0x0000007a32f00000,0x0000007a33000000)]
  0x000002551bdb1000 JavaThread "Attach Listener" daemon [_thread_blocked, id=18108, stack(0x0000007a32e00000,0x0000007a32f00000)]
  0x000002551bdb0000 JavaThread "Signal Dispatcher" daemon [_thread_blocked, id=22028, stack(0x0000007a32d00000,0x0000007a32e00000)]
  0x000002551bd7b000 JavaThread "Finalizer" daemon [_thread_blocked, id=22744, stack(0x0000007a32c00000,0x0000007a32d00000)]
  0x000002551bd6f800 JavaThread "Reference Handler" daemon [_thread_blocked, id=7152, stack(0x0000007a32b00000,0x0000007a32c00000)]
  0x0000025500aea800 JavaThread "main" [_thread_in_Java, id=22636, stack(0x0000007a32500000,0x0000007a32600000)]

Other Threads:
  0x000002551bd43000 VMThread [stack: 0x0000007a32a00000,0x0000007a32b00000] [id=23040]
  0x000002551c966000 WatcherThread [stack: 0x0000007a33600000,0x0000007a33700000] [id=14888]

VM state:not at safepoint (normal execution)

VM Mutex/Monitor currently owned by a thread: None

heap address: 0x00000006c1c00000, size: 4068 MB, Compressed Oops mode: Zero based, Oop shift amount: 3
Narrow klass base: 0x0000000000000000, Narrow klass shift: 3
Compressed class space size: 1073741824 Address: 0x00000007c0000000

Heap:
 PSYoungGen      total 163328K, used 21406K [0x000000076b400000, 0x0000000776a80000, 0x00000007c0000000)
  eden space 151552K, 7% used [0x000000076b400000,0x000000076bfabdb8,0x0000000774800000)
  from space 11776K, 80% used [0x0000000775400000,0x0000000775d3bad0,0x0000000775f80000)
  to   space 12288K, 0% used [0x0000000774800000,0x0000000774800000,0x0000000775400000)
 ParOldGen       total 173056K, used 15363K [0x00000006c1c00000, 0x00000006cc500000, 0x000000076b400000)
  object space 173056K, 8% used [0x00000006c1c00000,0x00000006c2b00c48,0x00000006cc500000)
 Metaspace       used 42763K, capacity 45348K, committed 45400K, reserved 1087488K
  class space    used 5969K, capacity 6446K, committed 6488K, reserved 1048576K

Card table byte_map: [0x0000025511870000,0x0000025512070000] byte_map_base: 0x000002550e262000

Marking Bits: (ParMarkBitMap*) 0x0000000068656850
 Begin Bits: [0x00000255125c0000, 0x0000025516550000)
 End Bits:   [0x0000025516550000, 0x000002551a4e0000)

Polling page: 0x0000025500cd0000

CodeCache: size=245760Kb used=13043Kb max_used=13043Kb free=232716Kb
 bounds [0x00000255024b0000, 0x0000025503180000, 0x00000255114b0000]
 total_blobs=4238 nmethods=3749 adapters=409
 compilation: enabled

Compilation events (10 events):
Event: 13.797 Thread 0x000002551be61000 3773       2       org.springframework.core.annotation.AttributeMethods::forAnnotationType (26 bytes)
Event: 13.797 Thread 0x000002551be61000 nmethod 3773 0x000002550316b790 code [0x000002550316b900, 0x000002550316bad0]
Event: 13.810 Thread 0x000002551be61000 3774       2       org.springframework.beans.ExtendedBeanInfo::isCandidateWriteMethod (88 bytes)
Event: 13.810 Thread 0x000002551be61000 nmethod 3774 0x000002550316bb90 code [0x000002550316bd20, 0x000002550316c050]
Event: 13.811 Thread 0x000002551be61000 3775       2       java.beans.Introspector::addPropertyDescriptor (265 bytes)
Event: 13.812 Thread 0x000002551be61000 nmethod 3775 0x000002550316c310 code [0x000002550316c5e0, 0x000002550316d540]
Event: 13.812 Thread 0x000002551be61000 3776  s    2       java.beans.PropertyDescriptor::setReadMethod (64 bytes)
Event: 13.813 Thread 0x000002551be61000 nmethod 3776 0x000002550316e550 code [0x000002550316e800, 0x000002550316f360]
Event: 13.837 Thread 0x000002551be61000 3777       2       com.mysql.cj.protocol.a.NativeProtocol::checkErrorMessage (345 bytes)
Event: 13.838 Thread 0x000002551be61000 nmethod 3777 0x00000255031701d0 code [0x0000025503170520, 0x00000255031712c0]

GC Heap History (10 events):
Event: 1.929 GC heap before
{Heap before GC invocations=4 (full 1):
 PSYoungGen      total 76288K, used 6684K [0x000000076b400000, 0x0000000774900000, 0x00000007c0000000)
  eden space 65536K, 0% used [0x000000076b400000,0x000000076b400000,0x000000076f400000)
  from space 10752K, 62% used [0x000000076f400000,0x000000076fa87050,0x000000076fe80000)
  to   space 10752K, 0% used [0x0000000773e80000,0x0000000773e80000,0x0000000774900000)
 ParOldGen       total 175104K, used 32K [0x00000006c1c00000, 0x00000006cc700000, 0x000000076b400000)
  object space 175104K, 0% used [0x00000006c1c00000,0x00000006c1c08000,0x00000006cc700000)
 Metaspace       used 19872K, capacity 21176K, committed 21248K, reserved 1067008K
  class space    used 2529K, capacity 2802K, committed 2816K, reserved 1048576K
Event: 1.954 GC heap after
Heap after GC invocations=4 (full 1):
 PSYoungGen      total 76288K, used 0K [0x000000076b400000, 0x0000000774900000, 0x00000007c0000000)
  eden space 65536K, 0% used [0x000000076b400000,0x000000076b400000,0x000000076f400000)
  from space 10752K, 0% used [0x000000076f400000,0x000000076f400000,0x000000076fe80000)
  to   space 10752K, 0% used [0x0000000773e80000,0x0000000773e80000,0x0000000774900000)
 ParOldGen       total 100864K, used 6527K [0x00000006c1c00000, 0x00000006c7e80000, 0x000000076b400000)
  object space 100864K, 6% used [0x00000006c1c00000,0x00000006c225fce0,0x00000006c7e80000)
 Metaspace       used 19872K, capacity 21176K, committed 21248K, reserved 1067008K
  class space    used 2529K, capacity 2802K, committed 2816K, reserved 1048576K
}
Event: 2.745 GC heap before
{Heap before GC invocations=5 (full 1):
 PSYoungGen      total 76288K, used 65536K [0x000000076b400000, 0x0000000774900000, 0x00000007c0000000)
  eden space 65536K, 100% used [0x000000076b400000,0x000000076f400000,0x000000076f400000)
  from space 10752K, 0% used [0x000000076f400000,0x000000076f400000,0x000000076fe80000)
  to   space 10752K, 0% used [0x0000000773e80000,0x0000000773e80000,0x0000000774900000)
 ParOldGen       total 100864K, used 6527K [0x00000006c1c00000, 0x00000006c7e80000, 0x000000076b400000)
  object space 100864K, 6% used [0x00000006c1c00000,0x00000006c225fce0,0x00000006c7e80000)
 Metaspace       used 26243K, capacity 27790K, committed 28032K, reserved 1073152K
  class space    used 3591K, capacity 3893K, committed 3968K, reserved 1048576K
Event: 2.751 GC heap after
Heap after GC invocations=5 (full 1):
 PSYoungGen      total 106496K, used 6099K [0x000000076b400000, 0x0000000774480000, 0x00000007c0000000)
  eden space 100352K, 0% used [0x000000076b400000,0x000000076b400000,0x0000000771600000)
  from space 6144K, 99% used [0x0000000773e80000,0x0000000774474c50,0x0000000774480000)
  to   space 10752K, 0% used [0x0000000772f80000,0x0000000772f80000,0x0000000773a00000)
 ParOldGen       total 100864K, used 6527K [0x00000006c1c00000, 0x00000006c7e80000, 0x000000076b400000)
  object space 100864K, 6% used [0x00000006c1c00000,0x00000006c225fce0,0x00000006c7e80000)
 Metaspace       used 26243K, capacity 27790K, committed 28032K, reserved 1073152K
  class space    used 3591K, capacity 3893K, committed 3968K, reserved 1048576K
}
Event: 3.382 GC heap before
{Heap before GC invocations=6 (full 1):
 PSYoungGen      total 106496K, used 69886K [0x000000076b400000, 0x0000000774480000, 0x00000007c0000000)
  eden space 100352K, 63% used [0x000000076b400000,0x000000076f24aea8,0x0000000771600000)
  from space 6144K, 99% used [0x0000000773e80000,0x0000000774474c50,0x0000000774480000)
  to   space 10752K, 0% used [0x0000000772f80000,0x0000000772f80000,0x0000000773a00000)
 ParOldGen       total 100864K, used 6527K [0x00000006c1c00000, 0x00000006c7e80000, 0x000000076b400000)
  object space 100864K, 6% used [0x00000006c1c00000,0x00000006c225fce0,0x00000006c7e80000)
 Metaspace       used 33503K, capacity 35262K, committed 35416K, reserved 1079296K
  class space    used 4560K, capacity 4877K, committed 4952K, reserved 1048576K
Event: 3.389 GC heap after
Heap after GC invocations=6 (full 1):
 PSYoungGen      total 137216K, used 9846K [0x000000076b400000, 0x0000000775f80000, 0x00000007c0000000)
  eden space 126464K, 0% used [0x000000076b400000,0x000000076b400000,0x0000000772f80000)
  from space 10752K, 91% used [0x0000000772f80000,0x000000077391d888,0x0000000773a00000)
  to   space 11776K, 0% used [0x0000000775400000,0x0000000775400000,0x0000000775f80000)
 ParOldGen       total 100864K, used 6543K [0x00000006c1c00000, 0x00000006c7e80000, 0x000000076b400000)
  object space 100864K, 6% used [0x00000006c1c00000,0x00000006c2263cf0,0x00000006c7e80000)
 Metaspace       used 33503K, capacity 35262K, committed 35416K, reserved 1079296K
  class space    used 4560K, capacity 4877K, committed 4952K, reserved 1048576K
}
Event: 3.389 GC heap before
{Heap before GC invocations=7 (full 2):
 PSYoungGen      total 137216K, used 9846K [0x000000076b400000, 0x0000000775f80000, 0x00000007c0000000)
  eden space 126464K, 0% used [0x000000076b400000,0x000000076b400000,0x0000000772f80000)
  from space 10752K, 91% used [0x0000000772f80000,0x000000077391d888,0x0000000773a00000)
  to   space 11776K, 0% used [0x0000000775400000,0x0000000775400000,0x0000000775f80000)
 ParOldGen       total 100864K, used 6543K [0x00000006c1c00000, 0x00000006c7e80000, 0x000000076b400000)
  object space 100864K, 6% used [0x00000006c1c00000,0x00000006c2263cf0,0x00000006c7e80000)
 Metaspace       used 33503K, capacity 35262K, committed 35416K, reserved 1079296K
  class space    used 4560K, capacity 4877K, committed 4952K, reserved 1048576K
Event: 3.448 GC heap after
Heap after GC invocations=7 (full 2):
 PSYoungGen      total 137216K, used 0K [0x000000076b400000, 0x0000000775f80000, 0x00000007c0000000)
  eden space 126464K, 0% used [0x000000076b400000,0x000000076b400000,0x0000000772f80000)
  from space 10752K, 0% used [0x0000000772f80000,0x0000000772f80000,0x0000000773a00000)
  to   space 11776K, 0% used [0x0000000775400000,0x0000000775400000,0x0000000775f80000)
 ParOldGen       total 173056K, used 15355K [0x00000006c1c00000, 0x00000006cc500000, 0x000000076b400000)
  object space 173056K, 8% used [0x00000006c1c00000,0x00000006c2afec48,0x00000006cc500000)
 Metaspace       used 33503K, capacity 35262K, committed 35416K, reserved 1079296K
  class space    used 4560K, capacity 4877K, committed 4952K, reserved 1048576K
}
Event: 13.721 GC heap before
{Heap before GC invocations=8 (full 2):
 PSYoungGen      total 137216K, used 126464K [0x000000076b400000, 0x0000000775f80000, 0x00000007c0000000)
  eden space 126464K, 100% used [0x000000076b400000,0x0000000772f80000,0x0000000772f80000)
  from space 10752K, 0% used [0x0000000772f80000,0x0000000772f80000,0x0000000773a00000)
  to   space 11776K, 0% used [0x0000000775400000,0x0000000775400000,0x0000000775f80000)
 ParOldGen       total 173056K, used 15355K [0x00000006c1c00000, 0x00000006cc500000, 0x000000076b400000)
  object space 173056K, 8% used [0x00000006c1c00000,0x00000006c2afec48,0x00000006cc500000)
 Metaspace       used 41831K, capacity 44320K, committed 44504K, reserved 1087488K
  class space    used 5847K, capacity 6290K, committed 6360K, reserved 1048576K
Event: 13.732 GC heap after
Heap after GC invocations=8 (full 2):
 PSYoungGen      total 163328K, used 9454K [0x000000076b400000, 0x0000000776a80000, 0x00000007c0000000)
  eden space 151552K, 0% used [0x000000076b400000,0x000000076b400000,0x0000000774800000)
  from space 11776K, 80% used [0x0000000775400000,0x0000000775d3bad0,0x0000000775f80000)
  to   space 12288K, 0% used [0x0000000774800000,0x0000000774800000,0x0000000775400000)
 ParOldGen       total 173056K, used 15363K [0x00000006c1c00000, 0x00000006cc500000, 0x000000076b400000)
  object space 173056K, 8% used [0x00000006c1c00000,0x00000006c2b00c48,0x00000006cc500000)
 Metaspace       used 41831K, capacity 44320K, committed 44504K, reserved 1087488K
  class space    used 5847K, capacity 6290K, committed 6360K, reserved 1048576K
}

Deoptimization events (10 events):
Event: 3.074 Thread 0x0000025520f7d800 Uncommon trap: reason=unstable_if action=reinterpret pc=0x0000025502b8b408 method=java.util.LinkedHashMap.get(Ljava/lang/Object;)Ljava/lang/Object; @ 20
Event: 13.216 Thread 0x0000025500aea800 Uncommon trap: reason=unstable_if action=reinterpret pc=0x00000255029dc994 method=org.springframework.asm.ClassReader.readUtf(II[C)Ljava/lang/String; @ 69
Event: 13.223 Thread 0x0000025500aea800 Uncommon trap: reason=unstable_if action=reinterpret pc=0x0000025502ce5fec method=java.util.concurrent.ConcurrentHashMap.get(Ljava/lang/Object;)Ljava/lang/Object; @ 152
Event: 13.365 Thread 0x0000025500aea800 Uncommon trap: reason=unstable_if action=reinterpret pc=0x0000025502eb525c method=org.springframework.util.ConcurrentReferenceHashMap$Segment.restructureIfNecessary(Z)V @ 41
Event: 13.366 Thread 0x0000025500aea800 Uncommon trap: reason=unstable_if action=reinterpret pc=0x0000025502966ec8 method=org.springframework.util.ConcurrentReferenceHashMap$Segment.restructureIfNecessary(Z)V @ 41
Event: 13.716 Thread 0x0000025500aea800 Uncommon trap: reason=unstable_if action=reinterpret pc=0x0000025503037890 method=org.springframework.beans.factory.support.AbstractBeanFactory.isTypeMatch(Ljava/lang/String;Lorg/springframework/core/ResolvableType;Z)Z @ 559
Event: 13.716 Thread 0x0000025500aea800 Uncommon trap: reason=class_check action=maybe_recompile pc=0x0000025502874e2c method=org.springframework.boot.context.properties.source.ConfigurationPropertyName$Elements.charAt(II)C @ 43
Event: 13.717 Thread 0x0000025500aea800 Uncommon trap: reason=class_check action=maybe_recompile pc=0x0000025502874e2c method=org.springframework.boot.context.properties.source.ConfigurationPropertyName$Elements.charAt(II)C @ 43
Event: 13.754 Thread 0x0000025500aea800 Uncommon trap: reason=unstable_if action=reinterpret pc=0x0000025502d47180 method=java.util.concurrent.ConcurrentHashMap.putVal(Ljava/lang/Object;Ljava/lang/Object;Z)Ljava/lang/Object; @ 331
Event: 13.778 Thread 0x0000025500aea800 Uncommon trap: reason=unstable_if action=reinterpret pc=0x0000025503079c80 method=org.springframework.core.annotation.AnnotationsScanner.isWithoutHierarchy(Ljava/lang/reflect/AnnotatedElement;Lorg/springframework/core/annotation/MergedAnnotations$SearchSt

Classes redefined (0 events):
No events

Internal exceptions (10 events):
Event: 13.484 Thread 0x0000025500aea800 Exception <a 'java/lang/ClassNotFoundException': com/example/test/DatabaseEntities/DatabaseEmployeeCustomizer> (0x00000007704af810) thrown at [C:\wsjdk\Corretto8Src\installers\windows\zip\corretto-build\buildRoot\hotspot\src\share\vm\classfile\systemDicti
Event: 13.490 Thread 0x0000025500aea800 Exception <a 'java/lang/ClassNotFoundException': java/lang/ObjectCustomizer> (0x0000000770501e20) thrown at [C:\wsjdk\Corretto8Src\installers\windows\zip\corretto-build\buildRoot\hotspot\src\share\vm\classfile\systemDictionary.cpp, line 217]
Event: 13.490 Thread 0x0000025500aea800 Exception <a 'java/lang/ClassNotFoundException': com/example/test/DatabaseEntities/DatabasePersonCustomizer> (0x0000000770516d98) thrown at [C:\wsjdk\Corretto8Src\installers\windows\zip\corretto-build\buildRoot\hotspot\src\share\vm\classfile\systemDiction
Event: 13.495 Thread 0x0000025500aea800 Exception <a 'java/lang/ClassNotFoundException': java/lang/ObjectCustomizer> (0x0000000770558200) thrown at [C:\wsjdk\Corretto8Src\installers\windows\zip\corretto-build\buildRoot\hotspot\src\share\vm\classfile\systemDictionary.cpp, line 217]
Event: 13.496 Thread 0x0000025500aea800 Exception <a 'java/lang/ClassNotFoundException': com/example/test/DatabaseEntities/DatabaseGuestCustomizer> (0x000000077056dad8) thrown at [C:\wsjdk\Corretto8Src\installers\windows\zip\corretto-build\buildRoot\hotspot\src\share\vm\classfile\systemDictiona
Event: 13.592 Thread 0x0000025500aea800 Exception <a 'java/lang/reflect/InvocationTargetException'> (0x000000077219cfd0) thrown at [C:\wsjdk\Corretto8Src\installers\windows\zip\corretto-build\buildRoot\hotspot\src\share\vm\runtime\reflection.cpp, line 1092]
Event: 13.614 Thread 0x0000025500aea800 Exception <a 'java/lang/IncompatibleClassChangeError': Found class java.lang.Object, but interface was expected> (0x00000007722ca1e8) thrown at [C:\wsjdk\Corretto8Src\installers\windows\zip\corretto-build\buildRoot\hotspot\src\share\vm\interpreter\linkRes
Event: 13.707 Thread 0x0000025500aea800 Exception <a 'java/lang/NoSuchMethodError': java.lang.Object.lambda$byAnnotation$0(Ljava/lang/Class;Ljava/lang/Class;)Z> (0x0000000772e92998) thrown at [C:\wsjdk\Corretto8Src\installers\windows\zip\corretto-build\buildRoot\hotspot\src\share\vm\interpreter
Event: 13.810 Thread 0x0000025500aea800 Exception <a 'java/lang/ClassNotFoundException': java/lang/ObjectCustomizer> (0x000000076ba798d8) thrown at [C:\wsjdk\Corretto8Src\installers\windows\zip\corretto-build\buildRoot\hotspot\src\share\vm\classfile\systemDictionary.cpp, line 217]
Event: 13.810 Thread 0x0000025500aea800 Exception <a 'java/lang/ClassNotFoundException': com/example/test/DatabaseEntities/DatabaseDepartmentCustomizer> (0x000000076ba90368) thrown at [C:\wsjdk\Corretto8Src\installers\windows\zip\corretto-build\buildRoot\hotspot\src\share\vm\classfile\systemDic

Events (10 events):
Event: 13.847 Thread 0x0000025500aea800 DEOPT PACKING pc=0x0000025502efeae8 sp=0x0000007a325fb3d0
Event: 13.847 Thread 0x0000025500aea800 DEOPT UNPACKING pc=0x00000255024f75d8 sp=0x0000007a325faff8 mode 1
Event: 13.847 loading class com/zaxxer/hikari/pool/HikariProxyResultSet
Event: 13.847 loading class com/zaxxer/hikari/pool/HikariProxyResultSet done
Event: 13.847 Thread 0x0000025500aea800 DEOPT PACKING pc=0x0000025502efeae8 sp=0x0000007a325fbab0
Event: 13.847 Thread 0x0000025500aea800 DEOPT UNPACKING pc=0x00000255024f75d8 sp=0x0000007a325fb6d8 mode 1
Event: 13.848 loading class com/zaxxer/hikari/pool/ProxyResultSet
Event: 13.848 loading class com/zaxxer/hikari/pool/ProxyResultSet done
Event: 13.848 Thread 0x0000025500aea800 DEOPT PACKING pc=0x0000025502efeae8 sp=0x0000007a325f9620
Event: 13.848 Thread 0x0000025500aea800 DEOPT UNPACKING pc=0x00000255024f75d8 sp=0x0000007a325f9248 mode 1


Dynamic libraries:
0x00007ff677790000 - 0x00007ff6777ca000 	C:\Users\kur71\.jdks\corretto-1.8.0_342\bin\java.exe
0x00007ffe31db0000 - 0x00007ffe31fa8000 	C:\WINDOWS\SYSTEM32\ntdll.dll
0x00007ffe31cb0000 - 0x00007ffe31d6d000 	C:\WINDOWS\System32\KERNEL32.DLL
0x00007ffe2fa30000 - 0x00007ffe2fcfe000 	C:\WINDOWS\System32\KERNELBASE.dll
0x00007ffe30300000 - 0x00007ffe303ae000 	C:\WINDOWS\System32\ADVAPI32.dll
0x00007ffe30ce0000 - 0x00007ffe30d7e000 	C:\WINDOWS\System32\msvcrt.dll
0x00007ffe303b0000 - 0x00007ffe3044c000 	C:\WINDOWS\System32\sechost.dll
0x00007ffe301d0000 - 0x00007ffe302f5000 	C:\WINDOWS\System32\RPCRT4.dll
0x00007ffe30b40000 - 0x00007ffe30ce0000 	C:\WINDOWS\System32\USER32.dll
0x00007ffe2f750000 - 0x00007ffe2f772000 	C:\WINDOWS\System32\win32u.dll
0x00007ffe30de0000 - 0x00007ffe30e0a000 	C:\WINDOWS\System32\GDI32.dll
0x00007ffe2fd00000 - 0x00007ffe2fe0b000 	C:\WINDOWS\System32\gdi32full.dll
0x00007ffe2f990000 - 0x00007ffe2fa2d000 	C:\WINDOWS\System32\msvcp_win.dll
0x00007ffe2f650000 - 0x00007ffe2f750000 	C:\WINDOWS\System32\ucrtbase.dll
0x00007ffe15b50000 - 0x00007ffe15dea000 	C:\WINDOWS\WinSxS\amd64_microsoft.windows.common-controls_6595b64144ccf1df_6.0.19041.1110_none_60b5254171f9507e\COMCTL32.dll
0x00007ffe2fe10000 - 0x00007ffe2fe40000 	C:\WINDOWS\System32\IMM32.DLL
0x00007ffdfa9a0000 - 0x00007ffdfaa8f000 	C:\Users\kur71\.jdks\corretto-1.8.0_342\jre\bin\msvcr120.dll
0x00007ffe083c0000 - 0x00007ffe08466000 	C:\Users\kur71\.jdks\corretto-1.8.0_342\jre\bin\msvcp120.dll
0x0000000067e60000 - 0x00000000686d5000 	C:\Users\kur71\.jdks\corretto-1.8.0_342\jre\bin\server\jvm.dll
0x00007ffe30450000 - 0x00007ffe30458000 	C:\WINDOWS\System32\PSAPI.DLL
0x00007ffe18450000 - 0x00007ffe18459000 	C:\WINDOWS\SYSTEM32\WSOCK32.dll
0x00007ffe30540000 - 0x00007ffe305ab000 	C:\WINDOWS\System32\WS2_32.dll
0x00007ffe121f0000 - 0x00007ffe12217000 	C:\WINDOWS\SYSTEM32\WINMM.dll
0x00007ffe2a5b0000 - 0x00007ffe2a5ba000 	C:\WINDOWS\SYSTEM32\VERSION.dll
0x00007ffe2cc90000 - 0x00007ffe2cc9f000 	C:\Users\kur71\.jdks\corretto-1.8.0_342\jre\bin\verify.dll
0x00007ffe1cfa0000 - 0x00007ffe1cfc9000 	C:\Users\kur71\.jdks\corretto-1.8.0_342\jre\bin\java.dll
0x00007ffe0b7e0000 - 0x00007ffe0b815000 	C:\Users\kur71\.jdks\corretto-1.8.0_342\jre\bin\jdwp.dll
0x00007ffe1f7a0000 - 0x00007ffe1f7a8000 	C:\Users\kur71\.jdks\corretto-1.8.0_342\jre\bin\npt.dll
0x00007ffe1ae40000 - 0x00007ffe1ae6a000 	C:\Users\kur71\.jdks\corretto-1.8.0_342\jre\bin\instrument.dll
0x00007ffe1f380000 - 0x00007ffe1f396000 	C:\Users\kur71\.jdks\corretto-1.8.0_342\jre\bin\zip.dll
0x00007ffe314f0000 - 0x00007ffe31c34000 	C:\WINDOWS\System32\SHELL32.dll
0x00007ffe2d5b0000 - 0x00007ffe2dd44000 	C:\WINDOWS\SYSTEM32\windows.storage.dll
0x00007ffe2fe70000 - 0x00007ffe301c4000 	C:\WINDOWS\System32\combase.dll
0x00007ffe2ef10000 - 0x00007ffe2ef40000 	C:\WINDOWS\SYSTEM32\Wldp.dll
0x00007ffe30e10000 - 0x00007ffe30ebd000 	C:\WINDOWS\System32\SHCORE.dll
0x00007ffe31c50000 - 0x00007ffe31ca5000 	C:\WINDOWS\System32\shlwapi.dll
0x00007ffe2f410000 - 0x00007ffe2f42f000 	C:\WINDOWS\SYSTEM32\profapi.dll
0x00007ffe1f190000 - 0x00007ffe1f199000 	C:\Users\kur71\.jdks\corretto-1.8.0_342\jre\bin\dt_socket.dll
0x00007ffe2ebf0000 - 0x00007ffe2ec5a000 	C:\WINDOWS\system32\mswsock.dll
0x00007ffe1cf90000 - 0x00007ffe1cf9d000 	C:\Users\kur71\.jdks\corretto-1.8.0_342\jre\bin\management.dll
0x00007ffe1b660000 - 0x00007ffe1b67a000 	C:\Users\kur71\.jdks\corretto-1.8.0_342\jre\bin\net.dll
0x00007ffe1ef70000 - 0x00007ffe1ef87000 	C:\WINDOWS\system32\napinsp.dll
0x00007ffe1b4c0000 - 0x00007ffe1b4db000 	C:\WINDOWS\system32\pnrpnsp.dll
0x00007ffe04350000 - 0x00007ffe04365000 	C:\WINDOWS\system32\wshbth.dll
0x00007ffe2aed0000 - 0x00007ffe2aeed000 	C:\WINDOWS\system32\NLAapi.dll
0x00007ffe2e8d0000 - 0x00007ffe2e90b000 	C:\WINDOWS\SYSTEM32\IPHLPAPI.DLL
0x00007ffe2e910000 - 0x00007ffe2e9da000 	C:\WINDOWS\SYSTEM32\DNSAPI.dll
0x00007ffe31c40000 - 0x00007ffe31c48000 	C:\WINDOWS\System32\NSI.dll
0x00007ffe1b1f0000 - 0x00007ffe1b202000 	C:\WINDOWS\System32\winrnr.dll
0x00007ffe201b0000 - 0x00007ffe201ba000 	C:\Windows\System32\rasadhlp.dll
0x00007ffe20bc0000 - 0x00007ffe20c40000 	C:\WINDOWS\System32\fwpuclnt.dll
0x00007ffe2f540000 - 0x00007ffe2f567000 	C:\WINDOWS\System32\bcrypt.dll
0x00007ffe10bc0000 - 0x00007ffe10bd2000 	C:\Users\kur71\.jdks\corretto-1.8.0_342\jre\bin\nio.dll
0x00007ffe2edf0000 - 0x00007ffe2ee08000 	C:\WINDOWS\SYSTEM32\CRYPTSP.dll
0x00007ffe2e500000 - 0x00007ffe2e534000 	C:\WINDOWS\system32\rsaenh.dll
0x00007ffe2f3d0000 - 0x00007ffe2f3fe000 	C:\WINDOWS\SYSTEM32\USERENV.dll
0x00007ffe2f570000 - 0x00007ffe2f5f2000 	C:\WINDOWS\System32\bcryptprimitives.dll
0x00007ffe2ee10000 - 0x00007ffe2ee1c000 	C:\WINDOWS\SYSTEM32\CRYPTBASE.dll
0x00007ffe29080000 - 0x00007ffe29097000 	C:\WINDOWS\SYSTEM32\dhcpcsvc6.DLL
0x00007ffe29060000 - 0x00007ffe2907d000 	C:\WINDOWS\SYSTEM32\dhcpcsvc.DLL
0x00007ffe0b9c0000 - 0x00007ffe0b9e3000 	C:\Users\kur71\.jdks\corretto-1.8.0_342\jre\bin\sunec.dll
0x00007ffe1b500000 - 0x00007ffe1b50c000 	C:\Users\kur71\.jdks\corretto-1.8.0_342\jre\bin\sunmscapi.dll
0x00007ffe2f830000 - 0x00007ffe2f986000 	C:\WINDOWS\System32\CRYPT32.dll
0x00007ffe2efa0000 - 0x00007ffe2efc7000 	C:\WINDOWS\SYSTEM32\ncrypt.dll
0x00007ffe2ef60000 - 0x00007ffe2ef9b000 	C:\WINDOWS\SYSTEM32\NTASN1.dll

VM Arguments:
jvm_args: -agentlib:jdwp=transport=dt_socket,address=127.0.0.1:60317,suspend=y,server=n -javaagent:C:\Users\kur71\AppData\Local\JetBrains\IdeaIC2022.1\captureAgent\debugger-agent.jar -Dfile.encoding=UTF-8 
java_command: com.example.test.TestTaskApplication
java_class_path (initial): C:\Users\kur71\.jdks\corretto-1.8.0_342\jre\lib\charsets.jar;C:\Users\kur71\.jdks\corretto-1.8.0_342\jre\lib\ext\access-bridge-64.jar;C:\Users\kur71\.jdks\corretto-1.8.0_342\jre\lib\ext\cldrdata.jar;C:\Users\kur71\.jdks\corretto-1.8.0_342\jre\lib\ext\dnsns.jar;C:\Users\kur71\.jdks\corretto-1.8.0_342\jre\lib\ext\jaccess.jar;C:\Users\kur71\.jdks\corretto-1.8.0_342\jre\lib\ext\jfxrt.jar;C:\Users\kur71\.jdks\corretto-1.8.0_342\jre\lib\ext\localedata.jar;C:\Users\kur71\.jdks\corretto-1.8.0_342\jre\lib\ext\nashorn.jar;C:\Users\kur71\.jdks\corretto-1.8.0_342\jre\lib\ext\sunec.jar;C:\Users\kur71\.jdks\corretto-1.8.0_342\jre\lib\ext\sunjce_provider.jar;C:\Users\kur71\.jdks\corretto-1.8.0_342\jre\lib\ext\sunmscapi.jar;C:\Users\kur71\.jdks\corretto-1.8.0_342\jre\lib\ext\sunpkcs11.jar;C:\Users\kur71\.jdks\corretto-1.8.0_342\jre\lib\ext\zipfs.jar;C:\Users\kur71\.jdks\corretto-1.8.0_342\jre\lib\jce.jar;C:\Users\kur71\.jdks\corretto-1.8.0_342\jre\lib\jfr.jar;C:\Users\kur71\.jdks\corretto-1.8.0_342\jre\lib\jfxswt.jar;C:\Users\kur71\.jdks\corretto-1.8.0_342\jre\lib\jsse.jar;C:\Users\kur71\.jdks\corretto-1.8.0_342\jre\lib\management-agent.jar;C:\Users\kur71\.jdks\corretto-1.8.0_342\jre\lib\resources.jar;C:\Users\kur71\.jdks\corretto-1.8.0_342\jre\lib\rt.jar;F:\testTask\demo\target\classes;C:\Users\kur71\.m2\repository\org\springframework\boot\spring-boot-starter-data-jpa\2.4.3\spring-boot-starter-data-jpa-2.4.3.jar;C:\Users\kur71\.m2\repository\org\springframework\boot\spring-boot-starter-aop\2.4.3\spring-boot-starter-aop-2.4.3.jar;C:\Users\kur71\.m2\repository\org\springframework\spring-aop\5.3.4\spring-aop-5.3.4.jar;C:\Users\kur71\.m2\repository\org\aspectj\aspectjweaver\1.9.6\aspectjweaver-1.9.6.jar;C:\Users\kur71\.m2\repository\org\springframework\boot\spring-boot-starter-jdbc\2.4.3\spring-boot-starter-jdbc-2.4.3.jar;C:\Users\kur71\.m2\repository\com\zaxxer\HikariCP\3.4.5\HikariCP-3.4.5.jar;C:\Users\kur71\.m2\repository\org\springframework\spring-jdbc
Launcher Type: SUN_STANDARD

Environment Variables:
PATH=C:\Program Files\Microsoft MPI\Bin\;C:\Program Files\Common Files\Oracle\Java\javapath;C:\ProgramData\Oracle\Java\javapath;C:\Windows\system32;C:\Windows;C:\Windows\System32\Wbem;C:\Windows\System32\WindowsPowerShell\v1.0\;C:\Windows\System32\OpenSSH\;C:\Program Files\NVIDIA Corporation\NVIDIA NvDLISR;C:\Program Files\dotnet\;C:\Program Files (x86)\NVIDIA Corporation\PhysX\Common;C:\ProgramData\chocolatey\bin;C:\Program Files\Git\cmd;C:\WINDOWS\system32;C:\WINDOWS;C:\WINDOWS\System32\Wbem;C:\WINDOWS\System32\WindowsPowerShell\v1.0\;C:\WINDOWS\System32\OpenSSH\;C:\Program Files\nodejs\;C:\Program Files\Azure Data Studio\bin;C:\Program Files\Docker\Docker\resources\bin;C:\ProgramData\DockerDesktop\version-bin;C:\Users\kur71\AppData\Local\Microsoft\WindowsApps;C:\Users\kur71\AppData\Roaming\cabal\bin;C:\ProgramData\chocolatey\lib\ghc\tools\ghc-8.10.2\bin;C:\tools\msys64;;F:\VSCode\Microsoft VS Code\bin;C:\Users\kur71\AppData\Roaming\npm;C:\Program Files\Azure Data Studio\bin
USERNAME=kur71
OS=Windows_NT
PROCESSOR_IDENTIFIER=Intel64 Family 6 Model 158 Stepping 9, GenuineIntel



---------------  S Y S T E M  ---------------

OS: Windows 10 , 64 bit Build 19041 (10.0.19041.1889)

CPU:total 4 (initial active 4) (4 cores per cpu, 1 threads per core) family 6 model 158 stepping 9, cmov, cx8, fxsr, mmx, sse, sse2, sse3, ssse3, sse4.1, sse4.2, popcnt, avx, avx2, aes, clmul, erms, rtm, 3dnowpref, lzcnt, tsc, tscinvbit, bmi1, bmi2, adx

Memory: 4k page, physical 16658940k(3314624k free), swap 21657512k(1216k free)

vm_info: OpenJDK 64-Bit Server VM (25.342-b07) for windows-amd64 JRE (1.8.0_342-b07), built on Jul 21 2022 18:16:14 by "Administrator" with MS VC++ 12.0 (VS2013)

time: Fri Sep 16 10:09:06 2022
timezone: RTZ 2 (зима)
elapsed time: 14.056187 seconds (0d 0h 0m 14s)

