#
# There is insufficient memory for the Java Runtime Environment to continue.
# Native memory allocation (malloc) failed to allocate 32744 bytes for ChunkPool::allocate
# Possible reasons:
#   The system is out of physical RAM or swap space
#   The process is running with CompressedOops enabled, and the Java Heap may be blocking the growth of the native heap
# Possible solutions:
#   Reduce memory load on the system
#   Increase physical memory or swap space
#   Check if swap backing store is full
#   Decrease Java heap size (-Xmx/-Xms)
#   Decrease number of Java threads
#   Decrease Java thread stack sizes (-Xss)
#   Set larger code cache with -XX:ReservedCodeCacheSize=
#   JVM is running with Zero Based Compressed Oops mode in which the Java heap is
#     placed in the first 32GB address space. The Java Heap base address is the
#     maximum limit for the native heap growth. Please use -XX:HeapBaseMinAddress
#     to set the Java Heap base and to place the Java Heap above 32GB virtual address.
# This output file may be truncated or incomplete.
#
#  Out of Memory Error (allocation.cpp:272), pid=23532, tid=0x0000000000005008
#
# JRE version: OpenJDK Runtime Environment (8.0_342-b07) (build 1.8.0_342-b07)
# Java VM: OpenJDK 64-Bit Server VM (25.342-b07 mixed mode windows-amd64 compressed oops)
# Failed to write core dump. Minidumps are not enabled by default on client versions of Windows
#

---------------  T H R E A D  ---------------

Current thread (0x000001fc35489000):  JavaThread "main" [_thread_in_vm, id=20488, stack(0x000000b4b0900000,0x000000b4b0a00000)]

Stack: [0x000000b4b0900000,0x000000b4b0a00000]
[error occurred during error reporting (printing stack bounds), id 0xc0000005]

Native frames: (J=compiled Java code, j=interpreted, Vv=VM code, C=native code)

Java frames: (J=compiled Java code, j=interpreted, Vv=VM code)
v  ~ExceptionBlob
J 2896 C2 java.lang.ClassLoader.loadClass(Ljava/lang/String;)Ljava/lang/Class; (7 bytes) @ 0x000001fc377666e8 [0x000001fc37765e60+0x888]
v  ~StubRoutines::call_stub
j  org.springframework.context.event.EventListenerMethodProcessor.processBean(Ljava/lang/String;Ljava/lang/Class;)V+32
j  org.springframework.context.event.EventListenerMethodProcessor.afterSingletonsInstantiated()V+218
j  org.springframework.beans.factory.support.DefaultListableBeanFactory.preInstantiateSingletons()V+350
j  org.springframework.context.support.AbstractApplicationContext.finishBeanFactoryInitialization(Lorg/springframework/beans/factory/config/ConfigurableListableBeanFactory;)V+124
j  org.springframework.context.support.AbstractApplicationContext.refresh()V+86
j  org.springframework.boot.SpringApplication.refresh(Lorg/springframework/context/ConfigurableApplicationContext;)V+1
j  org.springframework.boot.SpringApplication.refresh(Lorg/springframework/context/ApplicationContext;)V+12
j  org.springframework.boot.SpringApplication.refreshContext(Lorg/springframework/context/ConfigurableApplicationContext;)V+19
j  org.springframework.boot.SpringApplication.run([Ljava/lang/String;)Lorg/springframework/context/ConfigurableApplicationContext;+111
j  org.springframework.boot.SpringApplication.run([Ljava/lang/Class;[Ljava/lang/String;)Lorg/springframework/context/ConfigurableApplicationContext;+9
j  org.springframework.boot.SpringApplication.run(Ljava/lang/Class;[Ljava/lang/String;)Lorg/springframework/context/ConfigurableApplicationContext;+9
j  com.example.test.TestTaskApplication.main([Ljava/lang/String;)V+49
v  ~StubRoutines::call_stub

---------------  P R O C E S S  ---------------

Java Threads: ( => current thread )
  0x000001fc55793000 JavaThread "HikariPool-1 housekeeper" daemon [_thread_blocked, id=24864, stack(0x000000b4b1d00000,0x000000b4b1e00000)]
  0x000001fc51368000 JavaThread "mysql-cj-abandoned-connection-cleanup" daemon [_thread_blocked, id=23384, stack(0x000000b4b1b00000,0x000000b4b1c00000)]
  0x000001fc511d8800 JavaThread "Service Thread" daemon [_thread_blocked, id=19916, stack(0x000000b4b1900000,0x000000b4b1a00000)]
  0x000001fc50045800 JavaThread "C1 CompilerThread2" daemon [_thread_in_native, id=8088, stack(0x000000b4b1800000,0x000000b4b1900000)]
  0x000001fc4fff6000 JavaThread "C2 CompilerThread1" daemon [_thread_in_native, id=5512, stack(0x000000b4b1700000,0x000000b4b1800000)]
  0x000001fc4fff2800 JavaThread "C2 CompilerThread0" daemon [_thread_in_native, id=22296, stack(0x000000b4b1600000,0x000000b4b1700000)]
  0x000001fc4ffd5000 JavaThread "JDWP Command Reader" daemon [_thread_in_native, id=22000, stack(0x000000b4b1500000,0x000000b4b1600000)]
  0x000001fc4ffd1000 JavaThread "JDWP Event Helper Thread" daemon [_thread_blocked, id=18484, stack(0x000000b4b1400000,0x000000b4b1500000)]
  0x000001fc4ffcb000 JavaThread "JDWP Transport Listener: dt_socket" daemon [_thread_blocked, id=1028, stack(0x000000b4b1300000,0x000000b4b1400000)]
  0x000001fc4ffaf800 JavaThread "Attach Listener" daemon [_thread_blocked, id=11508, stack(0x000000b4b1200000,0x000000b4b1300000)]
  0x000001fc4ffa2000 JavaThread "Signal Dispatcher" daemon [_thread_blocked, id=24280, stack(0x000000b4b1100000,0x000000b4b1200000)]
  0x000001fc4ff7a000 JavaThread "Finalizer" daemon [_thread_blocked, id=23412, stack(0x000000b4b1000000,0x000000b4b1100000)]
  0x000001fc4ff6e800 JavaThread "Reference Handler" daemon [_thread_blocked, id=23076, stack(0x000000b4b0f00000,0x000000b4b1000000)]
=>0x000001fc35489000 JavaThread "main" [_thread_in_vm, id=20488, stack(0x000000b4b0900000,0x000000b4b0a00000)]

Other Threads:
  0x000001fc4ff43800 VMThread [stack: 0x000000b4b0e00000,0x000000b4b0f00000] [id=23160]
  0x000001fc511e9800 WatcherThread [stack: 0x000000b4b1a00000,0x000000b4b1b00000] [id=5768]

VM state:not at safepoint (normal execution)

VM Mutex/Monitor currently owned by a thread: None

heap address: 0x00000006c1c00000, size: 4068 MB, Compressed Oops mode: Zero based, Oop shift amount: 3
Narrow klass base: 0x0000000000000000, Narrow klass shift: 3
Compressed class space size: 1073741824 Address: 0x00000007c0000000

Heap:
 PSYoungGen      total 157696K, used 12820K [0x000000076b400000, 0x0000000777500000, 0x00000007c0000000)
  eden space 145920K, 2% used [0x000000076b400000,0x000000076b6ff610,0x0000000774280000)
  from space 11776K, 82% used [0x0000000774e80000,0x0000000775805a28,0x0000000775a00000)
  to   space 12288K, 0% used [0x0000000774280000,0x0000000774280000,0x0000000774e80000)
 ParOldGen       total 167936K, used 15459K [0x00000006c1c00000, 0x00000006cc000000, 0x000000076b400000)
  object space 167936K, 9% used [0x00000006c1c00000,0x00000006c2b18eb0,0x00000006cc000000)
 Metaspace       used 42036K, capacity 44528K, committed 44760K, reserved 1087488K
  class space    used 5878K, capacity 6294K, committed 6400K, reserved 1048576K

Card table byte_map: [0x000001fc460e0000,0x000001fc468e0000] byte_map_base: 0x000001fc42ad2000

Marking Bits: (ParMarkBitMap*) 0x0000000068656850
 Begin Bits: [0x000001fc46e30000, 0x000001fc4adc0000)
 End Bits:   [0x000001fc4adc0000, 0x000001fc4ed50000)

Polling page: 0x000001fc353f0000

CodeCache: size=245760Kb used=12595Kb max_used=12595Kb free=233164Kb
 bounds [0x000001fc36d20000, 0x000001fc37980000, 0x000001fc45d20000]
 total_blobs=4155 nmethods=3670 adapters=405
 compilation: enabled

Compilation events (10 events):
Event: 13.430 Thread 0x000001fc50045800 nmethod 3706 0x000001fc37971b50 code [0x000001fc37971cc0, 0x000001fc37971e90]
Event: 13.431 Thread 0x000001fc50045800 3707   !   2       org.springframework.beans.factory.support.FactoryBeanRegistrySupport::getTypeForFactoryBean (50 bytes)
Event: 13.431 Thread 0x000001fc50045800 nmethod 3707 0x000001fc37971f50 code [0x000001fc37972100, 0x000001fc37972410]
Event: 13.432 Thread 0x000001fc50045800 3708   !   2       java.util.Collections$SynchronizedCollection::toArray (25 bytes)
Event: 13.432 Thread 0x000001fc50045800 nmethod 3708 0x000001fc37972650 code [0x000001fc379727c0, 0x000001fc37972b10]
Event: 13.432 Thread 0x000001fc50045800 3709       1       org.springframework.boot.context.properties.bind.JavaBeanBinder$BeanProperty::getName (5 bytes)
Event: 13.432 Thread 0x000001fc50045800 nmethod 3709 0x000001fc37972c50 code [0x000001fc37972da0, 0x000001fc37972eb8]
Event: 13.437 Thread 0x000001fc50045800 3711   !   2       com.sun.proxy.$Proxy41::annotationType (29 bytes)
Event: 13.437 Thread 0x000001fc50045800 nmethod 3711 0x000001fc37972f10 code [0x000001fc379730a0, 0x000001fc379733c0]
Event: 13.443 Thread 0x000001fc50045800 3712   !   2       org.springframework.beans.factory.support.DefaultListableBeanFactory::doGetBeanNamesForType (511 bytes)

GC Heap History (10 events):
Event: 1.906 GC heap before
{Heap before GC invocations=4 (full 1):
 PSYoungGen      total 76288K, used 6734K [0x000000076b400000, 0x0000000774900000, 0x00000007c0000000)
  eden space 65536K, 0% used [0x000000076b400000,0x000000076b400000,0x000000076f400000)
  from space 10752K, 62% used [0x000000076f400000,0x000000076fa93928,0x000000076fe80000)
  to   space 10752K, 0% used [0x0000000773e80000,0x0000000773e80000,0x0000000774900000)
 ParOldGen       total 175104K, used 40K [0x00000006c1c00000, 0x00000006cc700000, 0x000000076b400000)
  object space 175104K, 0% used [0x00000006c1c00000,0x00000006c1c0a000,0x00000006cc700000)
 Metaspace       used 19875K, capacity 21172K, committed 21248K, reserved 1067008K
  class space    used 2529K, capacity 2802K, committed 2816K, reserved 1048576K
Event: 1.934 GC heap after
Heap after GC invocations=4 (full 1):
 PSYoungGen      total 76288K, used 0K [0x000000076b400000, 0x0000000774900000, 0x00000007c0000000)
  eden space 65536K, 0% used [0x000000076b400000,0x000000076b400000,0x000000076f400000)
  from space 10752K, 0% used [0x000000076f400000,0x000000076f400000,0x000000076fe80000)
  to   space 10752K, 0% used [0x0000000773e80000,0x0000000773e80000,0x0000000774900000)
 ParOldGen       total 103424K, used 6643K [0x00000006c1c00000, 0x00000006c8100000, 0x000000076b400000)
  object space 103424K, 6% used [0x00000006c1c00000,0x00000006c227cd58,0x00000006c8100000)
 Metaspace       used 19875K, capacity 21172K, committed 21248K, reserved 1067008K
  class space    used 2529K, capacity 2802K, committed 2816K, reserved 1048576K
}
Event: 2.705 GC heap before
{Heap before GC invocations=5 (full 1):
 PSYoungGen      total 76288K, used 65536K [0x000000076b400000, 0x0000000774900000, 0x00000007c0000000)
  eden space 65536K, 100% used [0x000000076b400000,0x000000076f400000,0x000000076f400000)
  from space 10752K, 0% used [0x000000076f400000,0x000000076f400000,0x000000076fe80000)
  to   space 10752K, 0% used [0x0000000773e80000,0x0000000773e80000,0x0000000774900000)
 ParOldGen       total 103424K, used 6643K [0x00000006c1c00000, 0x00000006c8100000, 0x000000076b400000)
  object space 103424K, 6% used [0x00000006c1c00000,0x00000006c227cd58,0x00000006c8100000)
 Metaspace       used 26278K, capacity 27778K, committed 28032K, reserved 1073152K
  class space    used 3595K, capacity 3893K, committed 3968K, reserved 1048576K
Event: 2.710 GC heap after
Heap after GC invocations=5 (full 1):
 PSYoungGen      total 104960K, used 6196K [0x000000076b400000, 0x0000000774500000, 0x00000007c0000000)
  eden space 98304K, 0% used [0x000000076b400000,0x000000076b400000,0x0000000771400000)
  from space 6656K, 93% used [0x0000000773e80000,0x000000077448d200,0x0000000774500000)
  to   space 10752K, 0% used [0x0000000773000000,0x0000000773000000,0x0000000773a80000)
 ParOldGen       total 103424K, used 6651K [0x00000006c1c00000, 0x00000006c8100000, 0x000000076b400000)
  object space 103424K, 6% used [0x00000006c1c00000,0x00000006c227ed58,0x00000006c8100000)
 Metaspace       used 26278K, capacity 27778K, committed 28032K, reserved 1073152K
  class space    used 3595K, capacity 3893K, committed 3968K, reserved 1048576K
}
Event: 3.377 GC heap before
{Heap before GC invocations=6 (full 1):
 PSYoungGen      total 104960K, used 72163K [0x000000076b400000, 0x0000000774500000, 0x00000007c0000000)
  eden space 98304K, 67% used [0x000000076b400000,0x000000076f46bc40,0x0000000771400000)
  from space 6656K, 93% used [0x0000000773e80000,0x000000077448d200,0x0000000774500000)
  to   space 10752K, 0% used [0x0000000773000000,0x0000000773000000,0x0000000773a80000)
 ParOldGen       total 103424K, used 6651K [0x00000006c1c00000, 0x00000006c8100000, 0x000000076b400000)
  object space 103424K, 6% used [0x00000006c1c00000,0x00000006c227ed58,0x00000006c8100000)
 Metaspace       used 33497K, capacity 35250K, committed 35416K, reserved 1079296K
  class space    used 4561K, capacity 4877K, committed 4992K, reserved 1048576K
Event: 3.385 GC heap after
Heap after GC invocations=6 (full 1):
 PSYoungGen      total 137728K, used 9849K [0x000000076b400000, 0x0000000775a00000, 0x00000007c0000000)
  eden space 126976K, 0% used [0x000000076b400000,0x000000076b400000,0x0000000773000000)
  from space 10752K, 91% used [0x0000000773000000,0x000000077399e510,0x0000000773a80000)
  to   space 11776K, 0% used [0x0000000774e80000,0x0000000774e80000,0x0000000775a00000)
 ParOldGen       total 103424K, used 6659K [0x00000006c1c00000, 0x00000006c8100000, 0x000000076b400000)
  object space 103424K, 6% used [0x00000006c1c00000,0x00000006c2280d58,0x00000006c8100000)
 Metaspace       used 33497K, capacity 35250K, committed 35416K, reserved 1079296K
  class space    used 4561K, capacity 4877K, committed 4992K, reserved 1048576K
}
Event: 3.385 GC heap before
{Heap before GC invocations=7 (full 2):
 PSYoungGen      total 137728K, used 9849K [0x000000076b400000, 0x0000000775a00000, 0x00000007c0000000)
  eden space 126976K, 0% used [0x000000076b400000,0x000000076b400000,0x0000000773000000)
  from space 10752K, 91% used [0x0000000773000000,0x000000077399e510,0x0000000773a80000)
  to   space 11776K, 0% used [0x0000000774e80000,0x0000000774e80000,0x0000000775a00000)
 ParOldGen       total 103424K, used 6659K [0x00000006c1c00000, 0x00000006c8100000, 0x000000076b400000)
  object space 103424K, 6% used [0x00000006c1c00000,0x00000006c2280d58,0x00000006c8100000)
 Metaspace       used 33497K, capacity 35250K, committed 35416K, reserved 1079296K
  class space    used 4561K, capacity 4877K, committed 4992K, reserved 1048576K
Event: 3.419 GC heap after
Heap after GC invocations=7 (full 2):
 PSYoungGen      total 137728K, used 0K [0x000000076b400000, 0x0000000775a00000, 0x00000007c0000000)
  eden space 126976K, 0% used [0x000000076b400000,0x000000076b400000,0x0000000773000000)
  from space 10752K, 0% used [0x0000000773000000,0x0000000773000000,0x0000000773a80000)
  to   space 11776K, 0% used [0x0000000774e80000,0x0000000774e80000,0x0000000775a00000)
 ParOldGen       total 167936K, used 15451K [0x00000006c1c00000, 0x00000006cc000000, 0x000000076b400000)
  object space 167936K, 9% used [0x00000006c1c00000,0x00000006c2b16eb0,0x00000006cc000000)
 Metaspace       used 33497K, capacity 35250K, committed 35416K, reserved 1079296K
  class space    used 4561K, capacity 4877K, committed 4992K, reserved 1048576K
}
Event: 13.399 GC heap before
{Heap before GC invocations=8 (full 2):
 PSYoungGen      total 137728K, used 126976K [0x000000076b400000, 0x0000000775a00000, 0x00000007c0000000)
  eden space 126976K, 100% used [0x000000076b400000,0x0000000773000000,0x0000000773000000)
  from space 10752K, 0% used [0x0000000773000000,0x0000000773000000,0x0000000773a80000)
  to   space 11776K, 0% used [0x0000000774e80000,0x0000000774e80000,0x0000000775a00000)
 ParOldGen       total 167936K, used 15451K [0x00000006c1c00000, 0x00000006cc000000, 0x000000076b400000)
  object space 167936K, 9% used [0x00000006c1c00000,0x00000006c2b16eb0,0x00000006cc000000)
 Metaspace       used 41950K, capacity 44456K, committed 44760K, reserved 1087488K
  class space    used 5867K, capacity 6292K, committed 6400K, reserved 1048576K
Event: 13.414 GC heap after
Heap after GC invocations=8 (full 2):
 PSYoungGen      total 157696K, used 9750K [0x000000076b400000, 0x0000000777500000, 0x00000007c0000000)
  eden space 145920K, 0% used [0x000000076b400000,0x000000076b400000,0x0000000774280000)
  from space 11776K, 82% used [0x0000000774e80000,0x0000000775805a28,0x0000000775a00000)
  to   space 12288K, 0% used [0x0000000774280000,0x0000000774280000,0x0000000774e80000)
 ParOldGen       total 167936K, used 15459K [0x00000006c1c00000, 0x00000006cc000000, 0x000000076b400000)
  object space 167936K, 9% used [0x00000006c1c00000,0x00000006c2b18eb0,0x00000006cc000000)
 Metaspace       used 41950K, capacity 44456K, committed 44760K, reserved 1087488K
  class space    used 5867K, capacity 6292K, committed 6400K, reserved 1048576K
}

Deoptimization events (10 events):
Event: 12.865 Thread 0x000001fc35489000 Uncommon trap: reason=class_check action=maybe_recompile pc=0x000001fc3750dbb8 method=org.springframework.beans.factory.support.AbstractBeanFactory.isTypeMatch(Ljava/lang/String;Lorg/springframework/core/ResolvableType;Z)Z @ 53
Event: 12.872 Thread 0x000001fc35489000 Uncommon trap: reason=unstable_if action=reinterpret pc=0x000001fc37255a14 method=org.springframework.asm.ClassReader.readUtf(II[C)Ljava/lang/String; @ 69
Event: 12.879 Thread 0x000001fc35489000 Uncommon trap: reason=unstable_if action=reinterpret pc=0x000001fc3758ab0c method=java.util.concurrent.ConcurrentHashMap.get(Ljava/lang/Object;)Ljava/lang/Object; @ 152
Event: 12.911 Thread 0x000001fc35489000 Uncommon trap: reason=class_check action=maybe_recompile pc=0x000001fc3750dbb8 method=org.springframework.beans.factory.support.AbstractBeanFactory.isTypeMatch(Ljava/lang/String;Lorg/springframework/core/ResolvableType;Z)Z @ 53
Event: 13.013 Thread 0x000001fc35489000 Uncommon trap: reason=unstable_if action=reinterpret pc=0x000001fc3785a89c method=org.springframework.util.ConcurrentReferenceHashMap$Segment.restructureIfNecessary(Z)V @ 41
Event: 13.014 Thread 0x000001fc35489000 Uncommon trap: reason=unstable_if action=reinterpret pc=0x000001fc378626f8 method=org.springframework.util.ConcurrentReferenceHashMap$Segment.restructureIfNecessary(Z)V @ 41
Event: 13.030 Thread 0x000001fc35489000 Uncommon trap: reason=unstable_if action=reinterpret pc=0x000001fc371e3b90 method=org.springframework.util.ConcurrentReferenceHashMap$Segment.restructureIfNecessary(Z)V @ 41
Event: 13.368 Thread 0x000001fc35489000 Uncommon trap: reason=class_check action=maybe_recompile pc=0x000001fc370e71ac method=org.springframework.boot.context.properties.source.ConfigurationPropertyName$Elements.charAt(II)C @ 43
Event: 13.368 Thread 0x000001fc35489000 Uncommon trap: reason=class_check action=maybe_recompile pc=0x000001fc370e71ac method=org.springframework.boot.context.properties.source.ConfigurationPropertyName$Elements.charAt(II)C @ 43
Event: 13.398 Thread 0x000001fc35489000 Uncommon trap: reason=unstable_if action=reinterpret pc=0x000001fc375f5cbc method=java.util.concurrent.ConcurrentHashMap.putVal(Ljava/lang/Object;Ljava/lang/Object;Z)Ljava/lang/Object; @ 331

Classes redefined (0 events):
No events

Internal exceptions (10 events):
Event: 13.133 Thread 0x000001fc35489000 Exception <a 'java/lang/NoSuchMethodError': java.lang.Object.implemented(Ljava/lang/Object;)Lorg/springframework/data/repository/core/support/RepositoryFragment;> (0x000000077058edb8) thrown at [C:\wsjdk\Corretto8Src\installers\windows\zip\corretto-build\
Event: 13.134 Thread 0x000001fc35489000 Exception <a 'java/lang/ClassNotFoundException': java/lang/ObjectCustomizer> (0x000000077059f458) thrown at [C:\wsjdk\Corretto8Src\installers\windows\zip\corretto-build\buildRoot\hotspot\src\share\vm\classfile\systemDictionary.cpp, line 217]
Event: 13.134 Thread 0x000001fc35489000 Exception <a 'java/lang/ClassNotFoundException': com/example/test/DatabaseEntities/DatabaseEmployeeCustomizer> (0x00000007705b5030) thrown at [C:\wsjdk\Corretto8Src\installers\windows\zip\corretto-build\buildRoot\hotspot\src\share\vm\classfile\systemDicti
Event: 13.141 Thread 0x000001fc35489000 Exception <a 'java/lang/ClassNotFoundException': java/lang/ObjectCustomizer> (0x0000000770607640) thrown at [C:\wsjdk\Corretto8Src\installers\windows\zip\corretto-build\buildRoot\hotspot\src\share\vm\classfile\systemDictionary.cpp, line 217]
Event: 13.142 Thread 0x000001fc35489000 Exception <a 'java/lang/ClassNotFoundException': com/example/test/DatabaseEntities/DatabasePersonCustomizer> (0x000000077061c5b8) thrown at [C:\wsjdk\Corretto8Src\installers\windows\zip\corretto-build\buildRoot\hotspot\src\share\vm\classfile\systemDiction
Event: 13.147 Thread 0x000001fc35489000 Exception <a 'java/lang/ClassNotFoundException': java/lang/ObjectCustomizer> (0x000000077065da20) thrown at [C:\wsjdk\Corretto8Src\installers\windows\zip\corretto-build\buildRoot\hotspot\src\share\vm\classfile\systemDictionary.cpp, line 217]
Event: 13.147 Thread 0x000001fc35489000 Exception <a 'java/lang/ClassNotFoundException': com/example/test/DatabaseEntities/DatabaseGuestCustomizer> (0x00000007706732f8) thrown at [C:\wsjdk\Corretto8Src\installers\windows\zip\corretto-build\buildRoot\hotspot\src\share\vm\classfile\systemDictiona
Event: 13.245 Thread 0x000001fc35489000 Exception <a 'java/lang/reflect/InvocationTargetException'> (0x000000077202a2b8) thrown at [C:\wsjdk\Corretto8Src\installers\windows\zip\corretto-build\buildRoot\hotspot\src\share\vm\runtime\reflection.cpp, line 1092]
Event: 13.266 Thread 0x000001fc35489000 Exception <a 'java/lang/IncompatibleClassChangeError': Found class java.lang.Object, but interface was expected> (0x0000000772157298) thrown at [C:\wsjdk\Corretto8Src\installers\windows\zip\corretto-build\buildRoot\hotspot\src\share\vm\interpreter\linkRes
Event: 13.359 Thread 0x000001fc35489000 Exception <a 'java/lang/NoSuchMethodError': java.lang.Object.lambda$byAnnotation$0(Ljava/lang/Class;Ljava/lang/Class;)Z> (0x0000000772d1f808) thrown at [C:\wsjdk\Corretto8Src\installers\windows\zip\corretto-build\buildRoot\hotspot\src\share\vm\interpreter

Events (10 events):
Event: 13.443 Thread 0x000001fc35489000 DEOPT PACKING pc=0x000001fc3747b76c sp=0x000000b4b09fe340
Event: 13.443 Thread 0x000001fc35489000 DEOPT UNPACKING pc=0x000001fc36d675d8 sp=0x000000b4b09fe0f8 mode 1
Event: 13.443 loading class org/springframework/context/event/EventListener
Event: 13.443 loading class org/springframework/context/event/EventListener done
Event: 13.443 Thread 0x000001fc35489000 DEOPT PACKING pc=0x000001fc377666e8 sp=0x000000b4b09fdb80
Event: 13.443 Thread 0x000001fc35489000 DEOPT UNPACKING pc=0x000001fc36d675d8 sp=0x000000b4b09fd7a8 mode 1
Event: 13.444 loading class org/springframework/core/MethodIntrospector$MetadataLookup
Event: 13.444 loading class org/springframework/core/MethodIntrospector$MetadataLookup done
Event: 13.444 loading class org/springframework/core/MethodIntrospector$MetadataLookup
Event: 13.444 loading class org/springframework/core/MethodIntrospector$MetadataLookup done


Dynamic libraries:
0x00007ff677790000 - 0x00007ff6777ca000 	C:\Users\kur71\.jdks\corretto-1.8.0_342\bin\java.exe
0x00007ffe31db0000 - 0x00007ffe31fa8000 	C:\WINDOWS\SYSTEM32\ntdll.dll
0x00007ffe31cb0000 - 0x00007ffe31d6d000 	C:\WINDOWS\System32\KERNEL32.DLL
0x00007ffe2fa30000 - 0x00007ffe2fcfe000 	C:\WINDOWS\System32\KERNELBASE.dll
0x00007ffe30300000 - 0x00007ffe303ae000 	C:\WINDOWS\System32\ADVAPI32.dll
0x00007ffe30ce0000 - 0x00007ffe30d7e000 	C:\WINDOWS\System32\msvcrt.dll
0x00007ffe303b0000 - 0x00007ffe3044c000 	C:\WINDOWS\System32\sechost.dll
0x00007ffe301d0000 - 0x00007ffe302f5000 	C:\WINDOWS\System32\RPCRT4.dll
0x00007ffe30b40000 - 0x00007ffe30ce0000 	C:\WINDOWS\System32\USER32.dll
0x00007ffe2f750000 - 0x00007ffe2f772000 	C:\WINDOWS\System32\win32u.dll
0x00007ffe30de0000 - 0x00007ffe30e0a000 	C:\WINDOWS\System32\GDI32.dll
0x00007ffe2fd00000 - 0x00007ffe2fe0b000 	C:\WINDOWS\System32\gdi32full.dll
0x00007ffe2f990000 - 0x00007ffe2fa2d000 	C:\WINDOWS\System32\msvcp_win.dll
0x00007ffe2f650000 - 0x00007ffe2f750000 	C:\WINDOWS\System32\ucrtbase.dll
0x00007ffe15b50000 - 0x00007ffe15dea000 	C:\WINDOWS\WinSxS\amd64_microsoft.windows.common-controls_6595b64144ccf1df_6.0.19041.1110_none_60b5254171f9507e\COMCTL32.dll
0x00007ffe2fe10000 - 0x00007ffe2fe40000 	C:\WINDOWS\System32\IMM32.DLL
0x00007ffdfa9a0000 - 0x00007ffdfaa8f000 	C:\Users\kur71\.jdks\corretto-1.8.0_342\jre\bin\msvcr120.dll
0x00007ffe083c0000 - 0x00007ffe08466000 	C:\Users\kur71\.jdks\corretto-1.8.0_342\jre\bin\msvcp120.dll
0x0000000067e60000 - 0x00000000686d5000 	C:\Users\kur71\.jdks\corretto-1.8.0_342\jre\bin\server\jvm.dll
0x00007ffe30450000 - 0x00007ffe30458000 	C:\WINDOWS\System32\PSAPI.DLL
0x00007ffe18450000 - 0x00007ffe18459000 	C:\WINDOWS\SYSTEM32\WSOCK32.dll
0x00007ffe121f0000 - 0x00007ffe12217000 	C:\WINDOWS\SYSTEM32\WINMM.dll
0x00007ffe30540000 - 0x00007ffe305ab000 	C:\WINDOWS\System32\WS2_32.dll
0x00007ffe2a5b0000 - 0x00007ffe2a5ba000 	C:\WINDOWS\SYSTEM32\VERSION.dll
0x00007ffe2cc90000 - 0x00007ffe2cc9f000 	C:\Users\kur71\.jdks\corretto-1.8.0_342\jre\bin\verify.dll
0x00007ffe1cfa0000 - 0x00007ffe1cfc9000 	C:\Users\kur71\.jdks\corretto-1.8.0_342\jre\bin\java.dll
0x00007ffe12bb0000 - 0x00007ffe12be5000 	C:\Users\kur71\.jdks\corretto-1.8.0_342\jre\bin\jdwp.dll
0x00007ffe1f7a0000 - 0x00007ffe1f7a8000 	C:\Users\kur71\.jdks\corretto-1.8.0_342\jre\bin\npt.dll
0x00007ffe1ae40000 - 0x00007ffe1ae6a000 	C:\Users\kur71\.jdks\corretto-1.8.0_342\jre\bin\instrument.dll
0x00007ffe1f380000 - 0x00007ffe1f396000 	C:\Users\kur71\.jdks\corretto-1.8.0_342\jre\bin\zip.dll
0x00007ffe314f0000 - 0x00007ffe31c34000 	C:\WINDOWS\System32\SHELL32.dll
0x00007ffe2d5b0000 - 0x00007ffe2dd44000 	C:\WINDOWS\SYSTEM32\windows.storage.dll
0x00007ffe2fe70000 - 0x00007ffe301c4000 	C:\WINDOWS\System32\combase.dll
0x00007ffe2ef10000 - 0x00007ffe2ef40000 	C:\WINDOWS\SYSTEM32\Wldp.dll
0x00007ffe30e10000 - 0x00007ffe30ebd000 	C:\WINDOWS\System32\SHCORE.dll
0x00007ffe31c50000 - 0x00007ffe31ca5000 	C:\WINDOWS\System32\shlwapi.dll
0x00007ffe2f410000 - 0x00007ffe2f42f000 	C:\WINDOWS\SYSTEM32\profapi.dll
0x00007ffe1f190000 - 0x00007ffe1f199000 	C:\Users\kur71\.jdks\corretto-1.8.0_342\jre\bin\dt_socket.dll
0x00007ffe2ebf0000 - 0x00007ffe2ec5a000 	C:\WINDOWS\system32\mswsock.dll
0x00007ffe1cf90000 - 0x00007ffe1cf9d000 	C:\Users\kur71\.jdks\corretto-1.8.0_342\jre\bin\management.dll
0x00007ffe1b660000 - 0x00007ffe1b67a000 	C:\Users\kur71\.jdks\corretto-1.8.0_342\jre\bin\net.dll
0x00007ffe1ef70000 - 0x00007ffe1ef87000 	C:\WINDOWS\system32\napinsp.dll
0x00007ffe1b4c0000 - 0x00007ffe1b4db000 	C:\WINDOWS\system32\pnrpnsp.dll
0x00007ffe04350000 - 0x00007ffe04365000 	C:\WINDOWS\system32\wshbth.dll
0x00007ffe2aed0000 - 0x00007ffe2aeed000 	C:\WINDOWS\system32\NLAapi.dll
0x00007ffe2e8d0000 - 0x00007ffe2e90b000 	C:\WINDOWS\SYSTEM32\IPHLPAPI.DLL
0x00007ffe2e910000 - 0x00007ffe2e9da000 	C:\WINDOWS\SYSTEM32\DNSAPI.dll
0x00007ffe31c40000 - 0x00007ffe31c48000 	C:\WINDOWS\System32\NSI.dll
0x00007ffe1b1f0000 - 0x00007ffe1b202000 	C:\WINDOWS\System32\winrnr.dll
0x00007ffe201b0000 - 0x00007ffe201ba000 	C:\Windows\System32\rasadhlp.dll
0x00007ffe20bc0000 - 0x00007ffe20c40000 	C:\WINDOWS\System32\fwpuclnt.dll
0x00007ffe2f540000 - 0x00007ffe2f567000 	C:\WINDOWS\System32\bcrypt.dll
0x00007ffe10bc0000 - 0x00007ffe10bd2000 	C:\Users\kur71\.jdks\corretto-1.8.0_342\jre\bin\nio.dll
0x00007ffe2edf0000 - 0x00007ffe2ee08000 	C:\WINDOWS\SYSTEM32\CRYPTSP.dll
0x00007ffe2e500000 - 0x00007ffe2e534000 	C:\WINDOWS\system32\rsaenh.dll
0x00007ffe2f3d0000 - 0x00007ffe2f3fe000 	C:\WINDOWS\SYSTEM32\USERENV.dll
0x00007ffe2f570000 - 0x00007ffe2f5f2000 	C:\WINDOWS\System32\bcryptprimitives.dll
0x00007ffe2ee10000 - 0x00007ffe2ee1c000 	C:\WINDOWS\SYSTEM32\CRYPTBASE.dll
0x00007ffe29080000 - 0x00007ffe29097000 	C:\WINDOWS\SYSTEM32\dhcpcsvc6.DLL
0x00007ffe29060000 - 0x00007ffe2907d000 	C:\WINDOWS\SYSTEM32\dhcpcsvc.DLL
0x00007ffe0ba20000 - 0x00007ffe0ba43000 	C:\Users\kur71\.jdks\corretto-1.8.0_342\jre\bin\sunec.dll
0x00007ffe1b500000 - 0x00007ffe1b50c000 	C:\Users\kur71\.jdks\corretto-1.8.0_342\jre\bin\sunmscapi.dll
0x00007ffe2f830000 - 0x00007ffe2f986000 	C:\WINDOWS\System32\CRYPT32.dll
0x00007ffe2efa0000 - 0x00007ffe2efc7000 	C:\WINDOWS\SYSTEM32\ncrypt.dll
0x00007ffe2ef60000 - 0x00007ffe2ef9b000 	C:\WINDOWS\SYSTEM32\NTASN1.dll

VM Arguments:
jvm_args: -agentlib:jdwp=transport=dt_socket,address=127.0.0.1:57283,suspend=y,server=n -javaagent:C:\Users\kur71\AppData\Local\JetBrains\IdeaIC2022.1\captureAgent\debugger-agent.jar -Dfile.encoding=UTF-8 
java_command: com.example.test.TestTaskApplication
java_class_path (initial): C:\Users\kur71\.jdks\corretto-1.8.0_342\jre\lib\charsets.jar;C:\Users\kur71\.jdks\corretto-1.8.0_342\jre\lib\ext\access-bridge-64.jar;C:\Users\kur71\.jdks\corretto-1.8.0_342\jre\lib\ext\cldrdata.jar;C:\Users\kur71\.jdks\corretto-1.8.0_342\jre\lib\ext\dnsns.jar;C:\Users\kur71\.jdks\corretto-1.8.0_342\jre\lib\ext\jaccess.jar;C:\Users\kur71\.jdks\corretto-1.8.0_342\jre\lib\ext\jfxrt.jar;C:\Users\kur71\.jdks\corretto-1.8.0_342\jre\lib\ext\localedata.jar;C:\Users\kur71\.jdks\corretto-1.8.0_342\jre\lib\ext\nashorn.jar;C:\Users\kur71\.jdks\corretto-1.8.0_342\jre\lib\ext\sunec.jar;C:\Users\kur71\.jdks\corretto-1.8.0_342\jre\lib\ext\sunjce_provider.jar;C:\Users\kur71\.jdks\corretto-1.8.0_342\jre\lib\ext\sunmscapi.jar;C:\Users\kur71\.jdks\corretto-1.8.0_342\jre\lib\ext\sunpkcs11.jar;C:\Users\kur71\.jdks\corretto-1.8.0_342\jre\lib\ext\zipfs.jar;C:\Users\kur71\.jdks\corretto-1.8.0_342\jre\lib\jce.jar;C:\Users\kur71\.jdks\corretto-1.8.0_342\jre\lib\jfr.jar;C:\Users\kur71\.jdks\corretto-1.8.0_342\jre\lib\jfxswt.jar;C:\Users\kur71\.jdks\corretto-1.8.0_342\jre\lib\jsse.jar;C:\Users\kur71\.jdks\corretto-1.8.0_342\jre\lib\management-agent.jar;C:\Users\kur71\.jdks\corretto-1.8.0_342\jre\lib\resources.jar;C:\Users\kur71\.jdks\corretto-1.8.0_342\jre\lib\rt.jar;F:\testTask\demo\target\classes;C:\Users\kur71\.m2\repository\org\springframework\boot\spring-boot-starter-data-jpa\2.4.3\spring-boot-starter-data-jpa-2.4.3.jar;C:\Users\kur71\.m2\repository\org\springframework\boot\spring-boot-starter-aop\2.4.3\spring-boot-starter-aop-2.4.3.jar;C:\Users\kur71\.m2\repository\org\springframework\spring-aop\5.3.4\spring-aop-5.3.4.jar;C:\Users\kur71\.m2\repository\org\aspectj\aspectjweaver\1.9.6\aspectjweaver-1.9.6.jar;C:\Users\kur71\.m2\repository\org\springframework\boot\spring-boot-starter-jdbc\2.4.3\spring-boot-starter-jdbc-2.4.3.jar;C:\Users\kur71\.m2\repository\com\zaxxer\HikariCP\3.4.5\HikariCP-3.4.5.jar;C:\Users\kur71\.m2\repository\org\springframework\spring-jdbc
Launcher Type: SUN_STANDARD

Environment Variables:
PATH=C:\Program Files\Microsoft MPI\Bin\;C:\Program Files\Common Files\Oracle\Java\javapath;C:\ProgramData\Oracle\Java\javapath;C:\Windows\system32;C:\Windows;C:\Windows\System32\Wbem;C:\Windows\System32\WindowsPowerShell\v1.0\;C:\Windows\System32\OpenSSH\;C:\Program Files\NVIDIA Corporation\NVIDIA NvDLISR;C:\Program Files\dotnet\;C:\Program Files (x86)\NVIDIA Corporation\PhysX\Common;C:\ProgramData\chocolatey\bin;C:\Program Files\Git\cmd;C:\WINDOWS\system32;C:\WINDOWS;C:\WINDOWS\System32\Wbem;C:\WINDOWS\System32\WindowsPowerShell\v1.0\;C:\WINDOWS\System32\OpenSSH\;C:\Program Files\nodejs\;C:\Program Files\Azure Data Studio\bin;C:\Program Files\Docker\Docker\resources\bin;C:\ProgramData\DockerDesktop\version-bin;C:\Users\kur71\AppData\Local\Microsoft\WindowsApps;C:\Users\kur71\AppData\Roaming\cabal\bin;C:\ProgramData\chocolatey\lib\ghc\tools\ghc-8.10.2\bin;C:\tools\msys64;;F:\VSCode\Microsoft VS Code\bin;C:\Users\kur71\AppData\Roaming\npm;C:\Program Files\Azure Data Studio\bin
USERNAME=kur71
OS=Windows_NT
PROCESSOR_IDENTIFIER=Intel64 Family 6 Model 158 Stepping 9, GenuineIntel



---------------  S Y S T E M  ---------------

OS: Windows 10 , 64 bit Build 19041 (10.0.19041.1889)

CPU:total 4 (initial active 4) (4 cores per cpu, 1 threads per core) family 6 model 158 stepping 9, cmov, cx8, fxsr, mmx, sse, sse2, sse3, ssse3, sse4.1, sse4.2, popcnt, avx, avx2, aes, clmul, erms, rtm, 3dnowpref, lzcnt, tsc, tscinvbit, bmi1, bmi2, adx

Memory: 4k page, physical 16658940k(3163408k free), swap 21657512k(5132k free)

vm_info: OpenJDK 64-Bit Server VM (25.342-b07) for windows-amd64 JRE (1.8.0_342-b07), built on Jul 21 2022 18:16:14 by "Administrator" with MS VC++ 12.0 (VS2013)

time: Fri Sep 16 10:10:08 2022
timezone: RTZ 2 (зима)
elapsed time: 13.481797 seconds (0d 0h 0m 13s)

